<?xml version="1.0" encoding="UTF-8"?>
<!-- Generated by org.testng.reporters.JUnitReportReporter -->
<testsuite skipped="0" hostname="DESKTOP-IAMNJLV" name="cucumberOptions.TestRunner" tests="1" failures="0" timestamp="24 Mar 2019 13:35:21 GMT" time="5.918" errors="0">
  <testcase name="feature" time="5.918" classname="cucumberOptions.TestRunner"/>
</testsuite> <!-- cucumberOptions.TestRunner -->
