<?xml version="1.0" encoding="UTF-8"?>
<!-- Generated by org.testng.reporters.JUnitReportReporter -->
<testsuite skipped="0" hostname="IBM336-PC0BY5WT" name="quotes.Quotes" tests="1" failures="0" timestamp="20 Μαρ 2019 09:57:54 GMT" time="1.787" errors="0">
  <testcase name="GetQuotes" time="1.787" classname="quotes.Quotes"/>
</testsuite> <!-- quotes.Quotes -->
