<?xml version="1.0" encoding="UTF-8"?>
<!-- Generated by org.testng.reporters.JUnitReportReporter -->
<testsuite skipped="0" hostname="IBM336-PC0BY5WT" name="symbols.Symbols" tests="1" failures="0" timestamp="20 Μαρ 2019 07:42:24 GMT" time="1.340" errors="0">
  <testcase name="GetSymbols" time="1.340" classname="symbols.Symbols"/>
</testsuite> <!-- symbols.Symbols -->
